[debug] [2023-10-21T07:36:05.885Z] ----------------------------------------------------------------------
[debug] [2023-10-21T07:36:05.887Z] Command:       C:\Program Files\nodejs\node.exe C:\Users\ASUS\AppData\Roaming\npm\node_modules\firebase-tools\lib\bin\firebase.js deploy --only functions
[debug] [2023-10-21T07:36:05.888Z] CLI Version:   12.7.0
[debug] [2023-10-21T07:36:05.888Z] Platform:      win32
[debug] [2023-10-21T07:36:05.888Z] Node Version:  v18.17.0
[debug] [2023-10-21T07:36:05.889Z] Time:          Sat Oct 21 2023 14:36:05 GMT+0700 (Indochina Time)
[debug] [2023-10-21T07:36:05.889Z] ----------------------------------------------------------------------
[debug] 
[debug] [2023-10-21T07:36:06.014Z] > command requires scopes: ["email","openid","https://www.googleapis.com/auth/cloudplatformprojects.readonly","https://www.googleapis.com/auth/firebase","https://www.googleapis.com/auth/cloud-platform"]
[debug] [2023-10-21T07:36:06.015Z] > authorizing via signed-in user (sochronicle@gmail.com)
[debug] [2023-10-21T07:36:06.015Z] [iam] checking project revou-fullstack for permissions ["cloudfunctions.functions.create","cloudfunctions.functions.delete","cloudfunctions.functions.get","cloudfunctions.functions.list","cloudfunctions.functions.update","cloudfunctions.operations.get","firebase.projects.get"]
[debug] [2023-10-21T07:36:06.018Z] >>> [apiv2][query] POST https://cloudresourcemanager.googleapis.com/v1/projects/revou-fullstack:testIamPermissions [none]
[debug] [2023-10-21T07:36:06.018Z] >>> [apiv2][(partial)header] POST https://cloudresourcemanager.googleapis.com/v1/projects/revou-fullstack:testIamPermissions x-goog-quota-user=projects/revou-fullstack
[debug] [2023-10-21T07:36:06.019Z] >>> [apiv2][body] POST https://cloudresourcemanager.googleapis.com/v1/projects/revou-fullstack:testIamPermissions {"permissions":["cloudfunctions.functions.create","cloudfunctions.functions.delete","cloudfunctions.functions.get","cloudfunctions.functions.list","cloudfunctions.functions.update","cloudfunctions.operations.get","firebase.projects.get"]}
[debug] [2023-10-21T07:36:07.187Z] <<< [apiv2][status] POST https://cloudresourcemanager.googleapis.com/v1/projects/revou-fullstack:testIamPermissions 200
[debug] [2023-10-21T07:36:07.187Z] <<< [apiv2][body] POST https://cloudresourcemanager.googleapis.com/v1/projects/revou-fullstack:testIamPermissions {"permissions":["cloudfunctions.functions.create","cloudfunctions.functions.delete","cloudfunctions.functions.get","cloudfunctions.functions.list","cloudfunctions.functions.update","cloudfunctions.operations.get","firebase.projects.get"]}
[debug] [2023-10-21T07:36:07.188Z] >>> [apiv2][query] POST https://iam.googleapis.com/v1/projects/revou-fullstack/serviceAccounts/revou-fullstack@appspot.gserviceaccount.com:testIamPermissions [none]
[debug] [2023-10-21T07:36:07.188Z] >>> [apiv2][body] POST https://iam.googleapis.com/v1/projects/revou-fullstack/serviceAccounts/revou-fullstack@appspot.gserviceaccount.com:testIamPermissions {"permissions":["iam.serviceAccounts.actAs"]}
[debug] [2023-10-21T07:36:08.582Z] <<< [apiv2][status] POST https://iam.googleapis.com/v1/projects/revou-fullstack/serviceAccounts/revou-fullstack@appspot.gserviceaccount.com:testIamPermissions 200
[debug] [2023-10-21T07:36:08.582Z] <<< [apiv2][body] POST https://iam.googleapis.com/v1/projects/revou-fullstack/serviceAccounts/revou-fullstack@appspot.gserviceaccount.com:testIamPermissions {"permissions":["iam.serviceAccounts.actAs"]}
[info] 
[info] === Deploying to 'revou-fullstack'...
[info] 
[info] i  deploying functions 
[debug] [2023-10-21T07:36:08.587Z] >>> [apiv2][query] GET https://firebase.googleapis.com/v1beta1/projects/revou-fullstack [none]
[debug] [2023-10-21T07:36:09.014Z] <<< [apiv2][status] GET https://firebase.googleapis.com/v1beta1/projects/revou-fullstack 200
[debug] [2023-10-21T07:36:09.015Z] <<< [apiv2][body] GET https://firebase.googleapis.com/v1beta1/projects/revou-fullstack {"projectId":"revou-fullstack","projectNumber":"17594433276","displayName":"revou-fullstack","name":"projects/revou-fullstack","resources":{"hostingSite":"revou-fullstack"},"state":"ACTIVE","etag":"1_491ae850-50c9-463a-abe6-273c202ca5e2"}
[info] i  functions: preparing codebase default for deployment 
[info] i  functions: ensuring required API cloudfunctions.googleapis.com is enabled... 
[info] i  functions: ensuring required API cloudbuild.googleapis.com is enabled... 
[info] i  artifactregistry: ensuring required API artifactregistry.googleapis.com is enabled... 
[debug] [2023-10-21T07:36:09.018Z] >>> [apiv2][query] GET https://serviceusage.googleapis.com/v1/projects/revou-fullstack/services/cloudfunctions.googleapis.com [none]
[debug] [2023-10-21T07:36:09.018Z] >>> [apiv2][(partial)header] GET https://serviceusage.googleapis.com/v1/projects/revou-fullstack/services/cloudfunctions.googleapis.com x-goog-quota-user=projects/revou-fullstack
[debug] [2023-10-21T07:36:09.020Z] >>> [apiv2][query] GET https://serviceusage.googleapis.com/v1/projects/revou-fullstack/services/runtimeconfig.googleapis.com [none]
[debug] [2023-10-21T07:36:09.020Z] >>> [apiv2][(partial)header] GET https://serviceusage.googleapis.com/v1/projects/revou-fullstack/services/runtimeconfig.googleapis.com x-goog-quota-user=projects/revou-fullstack
[debug] [2023-10-21T07:36:09.021Z] >>> [apiv2][query] GET https://serviceusage.googleapis.com/v1/projects/revou-fullstack/services/cloudbuild.googleapis.com [none]
[debug] [2023-10-21T07:36:09.021Z] >>> [apiv2][(partial)header] GET https://serviceusage.googleapis.com/v1/projects/revou-fullstack/services/cloudbuild.googleapis.com x-goog-quota-user=projects/revou-fullstack
[debug] [2023-10-21T07:36:09.022Z] >>> [apiv2][query] GET https://serviceusage.googleapis.com/v1/projects/revou-fullstack/services/artifactregistry.googleapis.com [none]
[debug] [2023-10-21T07:36:09.022Z] >>> [apiv2][(partial)header] GET https://serviceusage.googleapis.com/v1/projects/revou-fullstack/services/artifactregistry.googleapis.com x-goog-quota-user=projects/revou-fullstack
[debug] [2023-10-21T07:36:10.523Z] <<< [apiv2][status] GET https://serviceusage.googleapis.com/v1/projects/revou-fullstack/services/runtimeconfig.googleapis.com 200
[debug] [2023-10-21T07:36:10.523Z] <<< [apiv2][body] GET https://serviceusage.googleapis.com/v1/projects/revou-fullstack/services/runtimeconfig.googleapis.com [omitted]
[debug] [2023-10-21T07:36:10.541Z] <<< [apiv2][status] GET https://serviceusage.googleapis.com/v1/projects/revou-fullstack/services/cloudfunctions.googleapis.com 200
[debug] [2023-10-21T07:36:10.541Z] <<< [apiv2][body] GET https://serviceusage.googleapis.com/v1/projects/revou-fullstack/services/cloudfunctions.googleapis.com [omitted]
[info] +  functions: required API cloudfunctions.googleapis.com is enabled 
[debug] [2023-10-21T07:36:10.555Z] <<< [apiv2][status] GET https://serviceusage.googleapis.com/v1/projects/revou-fullstack/services/cloudbuild.googleapis.com 200
[debug] [2023-10-21T07:36:10.555Z] <<< [apiv2][body] GET https://serviceusage.googleapis.com/v1/projects/revou-fullstack/services/cloudbuild.googleapis.com [omitted]
[info] +  functions: required API cloudbuild.googleapis.com is enabled 
[debug] [2023-10-21T07:36:10.606Z] <<< [apiv2][status] GET https://serviceusage.googleapis.com/v1/projects/revou-fullstack/services/artifactregistry.googleapis.com 200
[debug] [2023-10-21T07:36:10.607Z] <<< [apiv2][body] GET https://serviceusage.googleapis.com/v1/projects/revou-fullstack/services/artifactregistry.googleapis.com [omitted]
[info] +  artifactregistry: required API artifactregistry.googleapis.com is enabled 
[debug] [2023-10-21T07:36:10.608Z] >>> [apiv2][query] GET https://firebase.googleapis.com/v1beta1/projects/revou-fullstack/adminSdkConfig [none]
[debug] [2023-10-21T07:36:10.951Z] <<< [apiv2][status] GET https://firebase.googleapis.com/v1beta1/projects/revou-fullstack/adminSdkConfig 200
[debug] [2023-10-21T07:36:10.951Z] <<< [apiv2][body] GET https://firebase.googleapis.com/v1beta1/projects/revou-fullstack/adminSdkConfig {"projectId":"revou-fullstack","storageBucket":"revou-fullstack.appspot.com"}
[debug] [2023-10-21T07:36:10.952Z] >>> [apiv2][query] GET https://runtimeconfig.googleapis.com/v1beta1/projects/revou-fullstack/configs [none]
[debug] [2023-10-21T07:36:11.356Z] <<< [apiv2][status] GET https://runtimeconfig.googleapis.com/v1beta1/projects/revou-fullstack/configs 200
[debug] [2023-10-21T07:36:11.356Z] <<< [apiv2][body] GET https://runtimeconfig.googleapis.com/v1beta1/projects/revou-fullstack/configs {}
[debug] [2023-10-21T07:36:11.358Z] Validating nodejs source
[debug] [2023-10-21T07:36:13.722Z] > [functions] package.json contents: {
  "name": "functions",
  "description": "Cloud Functions for Firebase",
  "scripts": {
    "serve": "firebase emulators:start --only functions",
    "shell": "firebase functions:shell",
    "start": "npm run shell",
    "deploy": "firebase deploy --only functions",
    "logs": "firebase functions:log"
  },
  "engines": {
    "node": "18"
  },
  "main": "index.js",
  "dependencies": {
    "firebase-admin": "^11.8.0",
    "firebase-functions": "^4.3.1"
  },
  "devDependencies": {
    "firebase-functions-test": "^3.1.0"
  },
  "private": true
}
[debug] [2023-10-21T07:36:13.722Z] Building nodejs source
[info] i  functions: Loading and analyzing source code for codebase default to determine what to deploy 
[debug] [2023-10-21T07:36:13.724Z] Could not find functions.yaml. Must use http discovery
[debug] [2023-10-21T07:36:13.739Z] Found firebase-functions binary at 'C:\RevoU\week-17-SherinOlivia\backend\dist\node_modules\.bin\firebase-functions'
[info] Serving at port 8413

[info] Server is running on port:61791

[error] Server address is not available.

[debug] [2023-10-21T07:36:14.778Z] Got response from /__/functions.yaml {"endpoints":{"week_17_sherinolivia":{"platform":"gcfv1","availableMemoryMb":null,"timeoutSeconds":null,"minInstances":null,"maxInstances":null,"ingressSettings":null,"serviceAccountEmail":null,"vpc":null,"httpsTrigger":{},"entryPoint":"week_17_sherinolivia"}},"specVersion":"v1alpha1","requiredAPIs":[]}
[error] Errorr!! Can't input Admin data Error: connect ECONNREFUSED ::1:3306
    at PromiseConnection.query (C:\RevoU\week-17-SherinOlivia\backend\node_modules\.pnpm\mysql2@3.6.1\node_modules\mysql2\promise.js:94:22)
    at C:\RevoU\week-17-SherinOlivia\backend\dist\config\adminConfig.js:20:64
    at Generator.next (<anonymous>)
    at C:\RevoU\week-17-SherinOlivia\backend\dist\config\adminConfig.js:8:71
    at new Promise (<anonymous>)
    at __awaiter (C:\RevoU\week-17-SherinOlivia\backend\dist\config\adminConfig.js:4:12)
    at insertAdmin (C:\RevoU\week-17-SherinOlivia\backend\dist\config\adminConfig.js:18:35)
    at Object.<anonymous> (C:\RevoU\week-17-SherinOlivia\backend\dist\index.js:61:31)
    at Module._compile (node:internal/modules/cjs/loader:1256:14)
    at Module._extensions..js (node:internal/modules/cjs/loader:1310:10) {
  code: 'ECONNREFUSED',
  errno: -4078,
  sql: undefined,
  sqlState: undefined,
  sqlMessage: undefined
}

[info] shutdown requested via /__/quitquitquit

[info] i  functions: preparing backend/dist directory for uploading... 
[info] i  functions: packaged C:\RevoU\week-17-SherinOlivia\backend\dist (84.23 KB) for uploading 
[debug] [2023-10-21T07:36:24.933Z] >>> [apiv2][query] GET https://cloudfunctions.googleapis.com/v1/projects/revou-fullstack/locations/-/functions [none]
[debug] [2023-10-21T07:36:25.592Z] <<< [apiv2][status] GET https://cloudfunctions.googleapis.com/v1/projects/revou-fullstack/locations/-/functions 200
[debug] [2023-10-21T07:36:25.592Z] <<< [apiv2][body] GET https://cloudfunctions.googleapis.com/v1/projects/revou-fullstack/locations/-/functions {"functions":[{"name":"projects/revou-fullstack/locations/us-central1/functions/hilman","httpsTrigger":{"url":"https://us-central1-revou-fullstack.cloudfunctions.net/hilman","securityLevel":"SECURE_ALWAYS"},"status":"ACTIVE","entryPoint":"hilman","timeout":"60s","availableMemoryMb":256,"serviceAccountEmail":"revou-fullstack@appspot.gserviceaccount.com","updateTime":"2023-10-20T20:40:02.859Z","versionId":"2","labels":{"deployment-tool":"cli-firebase","firebase-functions-hash":"7eb7e52b00cdc211e91f79800466c6b38b00525a"},"sourceUploadUrl":"https://storage.googleapis.com/uploads-332381839182.us-central1.cloudfunctions.appspot.com/8b703b02-d83c-450c-b6ed-4c140b8efcd3.zip","environmentVariables":{"FIREBASE_CONFIG":"{\"projectId\":\"revou-fullstack\",\"storageBucket\":\"revou-fullstack.appspot.com\"}","GCLOUD_PROJECT":"revou-fullstack","EVENTARC_CLOUD_EVENT_SOURCE":"projects/revou-fullstack/locations/us-central1/functions/hilman"},"runtime":"nodejs18","ingressSettings":"ALLOW_ALL","buildId":"4bc7f5ef-c55a-4c8d-9087-4aa39f2d0054","buildEnvironmentVariables":{"GOOGLE_NODE_RUN_SCRIPTS":""},"buildName":"projects/17594433276/locations/us-central1/builds/4bc7f5ef-c55a-4c8d-9087-4aa39f2d0054","dockerRegistry":"ARTIFACT_REGISTRY"},{"name":"projects/revou-fullstack/locations/us-central1/functions/restu","httpsTrigger":{"url":"https://us-central1-revou-fullstack.cloudfunctions.net/restu","securityLevel":"SECURE_ALWAYS"},"status":"ACTIVE","entryPoint":"restu","timeout":"60s","availableMemoryMb":256,"serviceAccountEmail":"revou-fullstack@appspot.gserviceaccount.com","updateTime":"2023-10-20T20:23:14.221Z","versionId":"2","labels":{"deployment-tool":"cli-firebase","firebase-functions-hash":"cb2b6414ff7c57fbd194b1b6f00d4e74be245177"},"sourceUploadUrl":"https://storage.googleapis.com/uploads-332381839182.us-central1.cloudfunctions.appspot.com/21ce0981-066a-4e16-aee5-ac43ab56ac2d.zip","environmentVariables":{"FIREBASE_CONFIG":"{\"projectId\":\"revou-fullstack\",\"storageBucket\":\"revou-fullstack.appspot.com\"}","GCLOUD_PROJECT":"revou-fullstack","EVENTARC_CLOUD_EVENT_SOURCE":"projects/revou-fullstack/locations/us-central1/functions/restu"},"runtime":"nodejs18","ingressSettings":"ALLOW_ALL","buildId":"42882150-6364-405e-8be3-60bc75c154c8","buildEnvironmentVariables":{"GOOGLE_NODE_RUN_SCRIPTS":""},"buildName":"projects/17594433276/locations/us-central1/builds/42882150-6364-405e-8be3-60bc75c154c8","dockerRegistry":"ARTIFACT_REGISTRY"},{"name":"projects/revou-fullstack/locations/us-central1/functions/week17_rpb","httpsTrigger":{"url":"https://us-central1-revou-fullstack.cloudfunctions.net/week17_rpb","securityLevel":"SECURE_ALWAYS"},"status":"ACTIVE","entryPoint":"week17_rpb","timeout":"60s","availableMemoryMb":256,"serviceAccountEmail":"revou-fullstack@appspot.gserviceaccount.com","updateTime":"2023-10-20T13:50:40.467Z","versionId":"46","labels":{"deployment-tool":"cli-firebase","firebase-functions-hash":"c36da32fb5a718f2e143c71fedfbf380555d8c75"},"sourceUploadUrl":"https://storage.googleapis.com/uploads-332381839182.us-central1.cloudfunctions.appspot.com/7c099fe1-552c-48cd-aca8-56e255cf09ff.zip","environmentVariables":{"SERVER_PORT":"4047","SECRET_KEY":"secret","DB_LOCAL_URL":"mongodb://127.0.0.1:27017/week10","DB_ATLAS_URL":"mongodb+srv://revou:revou123@revou.xmtjced.mongodb.net/milestone2","DB_ATLAS_USER":"revou","DB_ATLAS_PASS":"revou123","DB_ATLAS_CLUSTER":"revou.xmtjced","DB_ATLAS_NAME":"week16","FIREBASE_CONFIG":"{\"projectId\":\"revou-fullstack\",\"storageBucket\":\"revou-fullstack.appspot.com\"}","GCLOUD_PROJECT":"revou-fullstack","EVENTARC_CLOUD_EVENT_SOURCE":"projects/revou-fullstack/locations/us-central1/functions/week17_rpb"},"runtime":"nodejs18","ingressSettings":"ALLOW_ALL","buildId":"001253fe-058d-4c23-8965-a0c0e112a3ec","buildEnvironmentVariables":{"GOOGLE_NODE_RUN_SCRIPTS":""},"buildName":"projects/17594433276/locations/us-central1/builds/001253fe-058d-4c23-8965-a0c0e112a3ec","dockerRegistry":"ARTIFACT_REGISTRY"},{"name":"projects/revou-fullstack/locations/us-central1/functions/week_17_adriantori","httpsTrigger":{"url":"https://us-central1-revou-fullstack.cloudfunctions.net/week_17_adriantori","securityLevel":"SECURE_ALWAYS"},"status":"ACTIVE","entryPoint":"week_17_adriantori","timeout":"60s","availableMemoryMb":256,"serviceAccountEmail":"revou-fullstack@appspot.gserviceaccount.com","updateTime":"2023-10-20T11:38:59.656Z","versionId":"21","labels":{"deployment-tool":"cli-firebase","firebase-functions-hash":"b7312185f5859794139f800b943c9eddcc226254"},"sourceUploadUrl":"https://storage.googleapis.com/uploads-332381839182.us-central1.cloudfunctions.appspot.com/d75cac1c-adc7-4b73-b21d-4cb9727df98c.zip","environmentVariables":{"JWT_SIGN":"smittywerbenjagermanjensen","MYSQL_URI":"mysql://avnadmin:AVNS_KEUOJt8hmNbC-eGDKyE@mysql-week16-adriantori11-revou.aivencloud.com:28384/defaultdb?ssl-mode=REQUIRED","FIREBASE_CONFIG":"{\"projectId\":\"revou-fullstack\",\"storageBucket\":\"revou-fullstack.appspot.com\"}","GCLOUD_PROJECT":"revou-fullstack","EVENTARC_CLOUD_EVENT_SOURCE":"projects/revou-fullstack/locations/us-central1/functions/week_17_adriantori"},"runtime":"nodejs18","ingressSettings":"ALLOW_ALL","buildId":"dfe14f18-94b0-4875-bb8d-299142a5bcde","buildEnvironmentVariables":{"GOOGLE_NODE_RUN_SCRIPTS":""},"buildName":"projects/17594433276/locations/us-central1/builds/dfe14f18-94b0-4875-bb8d-299142a5bcde","dockerRegistry":"ARTIFACT_REGISTRY"},{"name":"projects/revou-fullstack/locations/us-central1/functions/week_17_avicena","httpsTrigger":{"url":"https://us-central1-revou-fullstack.cloudfunctions.net/week_17_avicena","securityLevel":"SECURE_ALWAYS"},"status":"ACTIVE","entryPoint":"week_17_avicena","timeout":"60s","availableMemoryMb":256,"serviceAccountEmail":"revou-fullstack@appspot.gserviceaccount.com","updateTime":"2023-10-20T18:46:55.547Z","versionId":"9","labels":{"deployment-tool":"cli-firebase","firebase-functions-hash":"9539a8904ede8b901af34a9720767f7e25716ec3"},"sourceUploadUrl":"https://storage.googleapis.com/uploads-332381839182.us-central1.cloudfunctions.appspot.com/d74e6a13-4319-431a-a0d0-3d857e04e46a.zip","environmentVariables":{"SERVER_PORT":"5169","DB_PROD":"mongodb+srv://avicena-dev:1ySRLA6L9PuCIvZT@avicena-dev.ft7wwp4.mongodb.net/avicena-dev?retryWrites=true&w=majority","DB_DEV":"mongodb://127.0.0.1:27017/","DB_NAME":"revou-w11-lokal","JWT_SIGN":"whosyourdaddy","FIREBASE_CONFIG":"{\"projectId\":\"revou-fullstack\",\"storageBucket\":\"revou-fullstack.appspot.com\"}","GCLOUD_PROJECT":"revou-fullstack","EVENTARC_CLOUD_EVENT_SOURCE":"projects/revou-fullstack/locations/us-central1/functions/week_17_avicena"},"runtime":"nodejs18","ingressSettings":"ALLOW_ALL","buildId":"675a414c-b388-4e67-8252-757762f119aa","buildEnvironmentVariables":{"GOOGLE_NODE_RUN_SCRIPTS":""},"buildName":"projects/17594433276/locations/us-central1/builds/675a414c-b388-4e67-8252-757762f119aa","dockerRegistry":"ARTIFACT_REGISTRY"},{"name":"projects/revou-fullstack/locations/us-central1/functions/week_17_dana6","httpsTrigger":{"url":"https://us-central1-revou-fullstack.cloudfunctions.net/week_17_dana6","securityLevel":"SECURE_ALWAYS"},"status":"ACTIVE","entryPoint":"week_17_dana6","timeout":"60s","availableMemoryMb":256,"serviceAccountEmail":"revou-fullstack@appspot.gserviceaccount.com","updateTime":"2023-10-21T03:14:18.779Z","versionId":"1","labels":{"deployment-tool":"cli-firebase","firebase-functions-hash":"8795b98e822113609dc025569c6abfdbe296b9f1"},"sourceUploadUrl":"https://storage.googleapis.com/uploads-332381839182.us-central1.cloudfunctions.appspot.com/2896fd6a-4368-491d-89c7-6a54cb0ffb7a.zip","environmentVariables":{"FIREBASE_CONFIG":"{\"projectId\":\"revou-fullstack\",\"storageBucket\":\"revou-fullstack.appspot.com\"}","GCLOUD_PROJECT":"revou-fullstack","EVENTARC_CLOUD_EVENT_SOURCE":"projects/revou-fullstack/locations/us-central1/functions/week_17_dana6"},"runtime":"nodejs18","ingressSettings":"ALLOW_ALL","buildId":"102fbcda-d3ef-4c39-bd25-0d0a59319311","buildEnvironmentVariables":{"GOOGLE_NODE_RUN_SCRIPTS":""},"buildName":"projects/17594433276/locations/us-central1/builds/102fbcda-d3ef-4c39-bd25-0d0a59319311","dockerRegistry":"ARTIFACT_REGISTRY"},{"name":"projects/revou-fullstack/locations/us-central1/functions/week_17_hartantodody","httpsTrigger":{"url":"https://us-central1-revou-fullstack.cloudfunctions.net/week_17_hartantodody","securityLevel":"SECURE_ALWAYS"},"status":"OFFLINE","entryPoint":"week_17_hartantodody","timeout":"60s","availableMemoryMb":256,"serviceAccountEmail":"revou-fullstack@appspot.gserviceaccount.com","updateTime":"2023-10-20T22:00:08.017Z","versionId":"2","labels":{"deployment-tool":"cli-firebase","firebase-functions-hash":"4127ad9d611cc77e2e08de6b03eec9dff48c2254"},"sourceUploadUrl":"https://storage.googleapis.com/uploads-332381839182.us-central1.cloudfunctions.appspot.com/25bf424a-f58d-466b-99a4-798fe51f9110.zip","environmentVariables":{"FIREBASE_CONFIG":"{\"projectId\":\"revou-fullstack\",\"storageBucket\":\"revou-fullstack.appspot.com\"}","GCLOUD_PROJECT":"revou-fullstack","EVENTARC_CLOUD_EVENT_SOURCE":"projects/revou-fullstack/locations/us-central1/functions/week_17_hartantodody"},"runtime":"nodejs18","ingressSettings":"ALLOW_ALL","buildId":"948adb46-aa77-40b9-b719-8d03568ec68e","buildEnvironmentVariables":{"GOOGLE_NODE_RUN_SCRIPTS":""},"buildName":"projects/17594433276/locations/us-central1/builds/948adb46-aa77-40b9-b719-8d03568ec68e","dockerRegistry":"ARTIFACT_REGISTRY"},{"name":"projects/revou-fullstack/locations/us-central1/functions/week_17_mnajmytsss","httpsTrigger":{"url":"https://us-central1-revou-fullstack.cloudfunctions.net/week_17_mnajmytsss","securityLevel":"SECURE_ALWAYS"},"status":"ACTIVE","entryPoint":"week_17_mnajmytsss","timeout":"60s","availableMemoryMb":256,"serviceAccountEmail":"revou-fullstack@appspot.gserviceaccount.com","updateTime":"2023-10-20T10:29:36.800Z","versionId":"2","labels":{"deployment-tool":"cli-firebase","firebase-functions-hash":"0f0a3ef561965e0a40599a4170d2a77e70d24ac0"},"sourceUploadUrl":"https://storage.googleapis.com/uploads-332381839182.us-central1.cloudfunctions.appspot.com/7082dcaa-917f-4cb3-bb5c-604182853bff.zip","environmentVariables":{"SERVER_PORT":"4321","DB_PROD":"mongodb+srv://najmy:Smandak12@cluster0.xxlfbbe.mongodb.net","JWT_SIGN":"rahasiadung","DB_DEV":"mongodb://localhost:27017","FIREBASE_CONFIG":"{\"projectId\":\"revou-fullstack\",\"storageBucket\":\"revou-fullstack.appspot.com\"}","GCLOUD_PROJECT":"revou-fullstack","EVENTARC_CLOUD_EVENT_SOURCE":"projects/revou-fullstack/locations/us-central1/functions/week_17_mnajmytsss"},"runtime":"nodejs18","ingressSettings":"ALLOW_ALL","buildId":"cebf5754-4bdf-4d2f-9327-f3ee332bdfcc","buildEnvironmentVariables":{"GOOGLE_NODE_RUN_SCRIPTS":""},"buildName":"projects/17594433276/locations/us-central1/builds/cebf5754-4bdf-4d2f-9327-f3ee332bdfcc","dockerRegistry":"ARTIFACT_REGISTRY"}]}
[debug] [2023-10-21T07:36:25.597Z] >>> [apiv2][query] GET https://cloudfunctions.googleapis.com/v2/projects/revou-fullstack/locations/-/functions filter=environment%3D%22GEN_2%22
[debug] [2023-10-21T07:36:27.207Z] <<< [apiv2][status] GET https://cloudfunctions.googleapis.com/v2/projects/revou-fullstack/locations/-/functions 200
[debug] [2023-10-21T07:36:27.207Z] <<< [apiv2][body] GET https://cloudfunctions.googleapis.com/v2/projects/revou-fullstack/locations/-/functions {}
[debug] [2023-10-21T07:36:27.212Z] >>> [apiv2][query] GET https://firebase.googleapis.com/v1beta1/projects/revou-fullstack [none]
[debug] [2023-10-21T07:36:27.780Z] <<< [apiv2][status] GET https://firebase.googleapis.com/v1beta1/projects/revou-fullstack 200
[debug] [2023-10-21T07:36:27.780Z] <<< [apiv2][body] GET https://firebase.googleapis.com/v1beta1/projects/revou-fullstack {"projectId":"revou-fullstack","projectNumber":"17594433276","displayName":"revou-fullstack","name":"projects/revou-fullstack","resources":{"hostingSite":"revou-fullstack"},"state":"ACTIVE","etag":"1_491ae850-50c9-463a-abe6-273c202ca5e2"}
[debug] [2023-10-21T07:36:27.782Z] [functions] found 1 new HTTP functions, testing setIamPolicy permission...
[debug] [2023-10-21T07:36:27.783Z] >>> [apiv2][query] POST https://cloudresourcemanager.googleapis.com/v1/projects/revou-fullstack:testIamPermissions [none]
[debug] [2023-10-21T07:36:27.783Z] >>> [apiv2][(partial)header] POST https://cloudresourcemanager.googleapis.com/v1/projects/revou-fullstack:testIamPermissions x-goog-quota-user=projects/revou-fullstack
[debug] [2023-10-21T07:36:27.783Z] >>> [apiv2][body] POST https://cloudresourcemanager.googleapis.com/v1/projects/revou-fullstack:testIamPermissions {"permissions":["cloudfunctions.functions.setIamPolicy"]}
[debug] [2023-10-21T07:36:28.815Z] <<< [apiv2][status] POST https://cloudresourcemanager.googleapis.com/v1/projects/revou-fullstack:testIamPermissions 200
[debug] [2023-10-21T07:36:28.815Z] <<< [apiv2][body] POST https://cloudresourcemanager.googleapis.com/v1/projects/revou-fullstack:testIamPermissions {"permissions":["cloudfunctions.functions.setIamPolicy"]}
[debug] [2023-10-21T07:36:28.815Z] [functions] found setIamPolicy permission, proceeding with deploy
[debug] [2023-10-21T07:36:28.817Z] >>> [apiv2][query] POST https://cloudfunctions.googleapis.com/v1/projects/revou-fullstack/locations/us-central1/functions:generateUploadUrl [none]
[debug] [2023-10-21T07:36:28.817Z] >>> [apiv2][body] POST https://cloudfunctions.googleapis.com/v1/projects/revou-fullstack/locations/us-central1/functions:generateUploadUrl {}
[debug] [2023-10-21T07:36:29.514Z] <<< [apiv2][status] POST https://cloudfunctions.googleapis.com/v1/projects/revou-fullstack/locations/us-central1/functions:generateUploadUrl 200
[debug] [2023-10-21T07:36:29.514Z] <<< [apiv2][body] POST https://cloudfunctions.googleapis.com/v1/projects/revou-fullstack/locations/us-central1/functions:generateUploadUrl {"uploadUrl":"https://storage.googleapis.com/uploads-332381839182.us-central1.cloudfunctions.appspot.com/e5d54aa1-3287-41b0-bb7b-e90b72236df8.zip?GoogleAccessId=service-17594433276@gcf-admin-robot.iam.gserviceaccount.com&Expires=1697875590&Signature=BqwLGBpkelPSzUde%2BCRYaPSl5BppGtgJ4i8QVeu0aMcgtzG5mxoh9x5E558NxdiosUzKdAFtpl9YgNGp2TIaDO1cRVHXG3rYrSMaMrKkIH0o5oZ%2FwJ23rrkRfN94o2GF3lihyHHdYXAzipb5yA9UwBWsKHpV1fqxWF%2BPHNcEU2ttOeUe2AHiEUxjG%2F14VgulREMC7rbtHuOq2c%2BVB8PqbhLiTR%2BSWO8bWEjJ%2F%2BEnw%2BQMId0Yp4SaRkE1YQ%2BivN15s2WP04QwmogeihLXJ7t64eK1gfMFPe89EmI%2Bn9Bo2JKk6zKCNfU40nRQNR8Ur2Wa4F3oFyfJYWdrBs15LjCL1Q%3D%3D"}
[debug] [2023-10-21T07:36:29.516Z] >>> [apiv2][query] PUT https://storage.googleapis.com/uploads-332381839182.us-central1.cloudfunctions.appspot.com/e5d54aa1-3287-41b0-bb7b-e90b72236df8.zip GoogleAccessId=service-17594433276%40gcf-admin-robot.iam.gserviceaccount.com&Expires=1697875590&Signature=BqwLGBpkelPSzUde%2BCRYaPSl5BppGtgJ4i8QVeu0aMcgtzG5mxoh9x5E558NxdiosUzKdAFtpl9YgNGp2TIaDO1cRVHXG3rYrSMaMrKkIH0o5oZ%2FwJ23rrkRfN94o2GF3lihyHHdYXAzipb5yA9UwBWsKHpV1fqxWF%2BPHNcEU2ttOeUe2AHiEUxjG%2F14VgulREMC7rbtHuOq2c%2BVB8PqbhLiTR%2BSWO8bWEjJ%2F%2BEnw%2BQMId0Yp4SaRkE1YQ%2BivN15s2WP04QwmogeihLXJ7t64eK1gfMFPe89EmI%2Bn9Bo2JKk6zKCNfU40nRQNR8Ur2Wa4F3oFyfJYWdrBs15LjCL1Q%3D%3D
[debug] [2023-10-21T07:36:29.516Z] >>> [apiv2][body] PUT https://storage.googleapis.com/uploads-332381839182.us-central1.cloudfunctions.appspot.com/e5d54aa1-3287-41b0-bb7b-e90b72236df8.zip [stream]
[debug] [2023-10-21T07:36:30.482Z] <<< [apiv2][status] PUT https://storage.googleapis.com/uploads-332381839182.us-central1.cloudfunctions.appspot.com/e5d54aa1-3287-41b0-bb7b-e90b72236df8.zip 200
[debug] [2023-10-21T07:36:30.482Z] <<< [apiv2][body] PUT https://storage.googleapis.com/uploads-332381839182.us-central1.cloudfunctions.appspot.com/e5d54aa1-3287-41b0-bb7b-e90b72236df8.zip [omitted]
[info] +  functions: backend/dist folder uploaded successfully 
[info] 
The following functions are found in your project but do not exist in your local source code:
	hilman(us-central1)
	restu(us-central1)
	week17_rpb(us-central1)
	week_17_adriantori(us-central1)
	week_17_avicena(us-central1)
	week_17_dana6(us-central1)
	week_17_hartantodody(us-central1)
	week_17_mnajmytsss(us-central1)

If you are renaming a function or changing its region, it is recommended that you create the new function first before deleting the old one to prevent event loss. For more info, visit https://firebase.google.com/docs/functions/manage-functions#modify

[info] i  functions: creating Node.js 18 (1st Gen) function week_17_sherinolivia(us-central1)... 
[debug] [2023-10-21T07:37:56.245Z] >>> [apiv2][query] POST https://cloudfunctions.googleapis.com/v1/projects/revou-fullstack/locations/us-central1/functions [none]
[debug] [2023-10-21T07:37:56.245Z] >>> [apiv2][body] POST https://cloudfunctions.googleapis.com/v1/projects/revou-fullstack/locations/us-central1/functions {"name":"projects/revou-fullstack/locations/us-central1/functions/week_17_sherinolivia","sourceUploadUrl":"https://storage.googleapis.com/uploads-332381839182.us-central1.cloudfunctions.appspot.com/e5d54aa1-3287-41b0-bb7b-e90b72236df8.zip?GoogleAccessId=service-17594433276@gcf-admin-robot.iam.gserviceaccount.com&Expires=1697875590&Signature=BqwLGBpkelPSzUde%2BCRYaPSl5BppGtgJ4i8QVeu0aMcgtzG5mxoh9x5E558NxdiosUzKdAFtpl9YgNGp2TIaDO1cRVHXG3rYrSMaMrKkIH0o5oZ%2FwJ23rrkRfN94o2GF3lihyHHdYXAzipb5yA9UwBWsKHpV1fqxWF%2BPHNcEU2ttOeUe2AHiEUxjG%2F14VgulREMC7rbtHuOq2c%2BVB8PqbhLiTR%2BSWO8bWEjJ%2F%2BEnw%2BQMId0Yp4SaRkE1YQ%2BivN15s2WP04QwmogeihLXJ7t64eK1gfMFPe89EmI%2Bn9Bo2JKk6zKCNfU40nRQNR8Ur2Wa4F3oFyfJYWdrBs15LjCL1Q%3D%3D","entryPoint":"week_17_sherinolivia","runtime":"nodejs18","dockerRegistry":"ARTIFACT_REGISTRY","labels":{"deployment-tool":"cli-firebase","firebase-functions-hash":"2becb0a45793098c7bdc0cb507a7f8f000caf6b3"},"httpsTrigger":{"securityLevel":"SECURE_ALWAYS"},"minInstances":null,"maxInstances":null,"ingressSettings":null,"environmentVariables":{"FIREBASE_CONFIG":"{\"projectId\":\"revou-fullstack\",\"storageBucket\":\"revou-fullstack.appspot.com\"}","GCLOUD_PROJECT":"revou-fullstack","EVENTARC_CLOUD_EVENT_SOURCE":"projects/revou-fullstack/locations/us-central1/functions/week_17_sherinolivia"},"serviceAccountEmail":null,"availableMemoryMb":null,"timeout":null,"vpcConnector":null,"vpcConnectorEgressSettings":null,"buildEnvironmentVariables":{"GOOGLE_NODE_RUN_SCRIPTS":""}}
[debug] [2023-10-21T07:37:56.990Z] <<< [apiv2][status] POST https://cloudfunctions.googleapis.com/v1/projects/revou-fullstack/locations/us-central1/functions 200
[debug] [2023-10-21T07:37:56.991Z] <<< [apiv2][body] POST https://cloudfunctions.googleapis.com/v1/projects/revou-fullstack/locations/us-central1/functions {"name":"operations/cmV2b3UtZnVsbHN0YWNrL3VzLWNlbnRyYWwxL3dlZWtfMTdfc2hlcmlub2xpdmlhL2dNOHkyalBvU1lv","metadata":{"@type":"type.googleapis.com/google.cloud.functions.v1.OperationMetadataV1","target":"projects/revou-fullstack/locations/us-central1/functions/week_17_sherinolivia","type":"CREATE_FUNCTION","request":{"@type":"type.googleapis.com/google.cloud.functions.v1.CloudFunction","name":"projects/revou-fullstack/locations/us-central1/functions/week_17_sherinolivia","httpsTrigger":{"securityLevel":"SECURE_ALWAYS"},"entryPoint":"week_17_sherinolivia","labels":{"deployment-tool":"cli-firebase","firebase-functions-hash":"2becb0a45793098c7bdc0cb507a7f8f000caf6b3"},"sourceUploadUrl":"https://storage.googleapis.com/uploads-332381839182.us-central1.cloudfunctions.appspot.com/e5d54aa1-3287-41b0-bb7b-e90b72236df8.zip?GoogleAccessId=service-17594433276@gcf-admin-robot.iam.gserviceaccount.com&Expires=1697875590&Signature=BqwLGBpkelPSzUde%2BCRYaPSl5BppGtgJ4i8QVeu0aMcgtzG5mxoh9x5E558NxdiosUzKdAFtpl9YgNGp2TIaDO1cRVHXG3rYrSMaMrKkIH0o5oZ%2FwJ23rrkRfN94o2GF3lihyHHdYXAzipb5yA9UwBWsKHpV1fqxWF%2BPHNcEU2ttOeUe2AHiEUxjG%2F14VgulREMC7rbtHuOq2c%2BVB8PqbhLiTR%2BSWO8bWEjJ%2F%2BEnw%2BQMId0Yp4SaRkE1YQ%2BivN15s2WP04QwmogeihLXJ7t64eK1gfMFPe89EmI%2Bn9Bo2JKk6zKCNfU40nRQNR8Ur2Wa4F3oFyfJYWdrBs15LjCL1Q%3D%3D","environmentVariables":{"FIREBASE_CONFIG":"{\"projectId\":\"revou-fullstack\",\"storageBucket\":\"revou-fullstack.appspot.com\"}","GCLOUD_PROJECT":"revou-fullstack","EVENTARC_CLOUD_EVENT_SOURCE":"projects/revou-fullstack/locations/us-central1/functions/week_17_sherinolivia"},"runtime":"nodejs18","buildEnvironmentVariables":{"GOOGLE_NODE_RUN_SCRIPTS":""},"dockerRegistry":"ARTIFACT_REGISTRY"},"versionId":"1","updateTime":"2023-10-21T07:37:57Z"}}
[debug] [2023-10-21T07:37:56.992Z] >>> [apiv2][query] GET https://cloudfunctions.googleapis.com/v1/operations/cmV2b3UtZnVsbHN0YWNrL3VzLWNlbnRyYWwxL3dlZWtfMTdfc2hlcmlub2xpdmlhL2dNOHkyalBvU1lv [none]
[debug] [2023-10-21T07:37:57.762Z] <<< [apiv2][status] GET https://cloudfunctions.googleapis.com/v1/operations/cmV2b3UtZnVsbHN0YWNrL3VzLWNlbnRyYWwxL3dlZWtfMTdfc2hlcmlub2xpdmlhL2dNOHkyalBvU1lv 200
[debug] [2023-10-21T07:37:57.762Z] <<< [apiv2][body] GET https://cloudfunctions.googleapis.com/v1/operations/cmV2b3UtZnVsbHN0YWNrL3VzLWNlbnRyYWwxL3dlZWtfMTdfc2hlcmlub2xpdmlhL2dNOHkyalBvU1lv {"name":"operations/cmV2b3UtZnVsbHN0YWNrL3VzLWNlbnRyYWwxL3dlZWtfMTdfc2hlcmlub2xpdmlhL2dNOHkyalBvU1lv","metadata":{"@type":"type.googleapis.com/google.cloud.functions.v1.OperationMetadataV1","target":"projects/revou-fullstack/locations/us-central1/functions/week_17_sherinolivia","type":"CREATE_FUNCTION","request":{"@type":"type.googleapis.com/google.cloud.functions.v1.CloudFunction","name":"projects/revou-fullstack/locations/us-central1/functions/week_17_sherinolivia","httpsTrigger":{"securityLevel":"SECURE_ALWAYS"},"entryPoint":"week_17_sherinolivia","labels":{"deployment-tool":"cli-firebase","firebase-functions-hash":"2becb0a45793098c7bdc0cb507a7f8f000caf6b3"},"sourceUploadUrl":"https://storage.googleapis.com/uploads-332381839182.us-central1.cloudfunctions.appspot.com/e5d54aa1-3287-41b0-bb7b-e90b72236df8.zip?GoogleAccessId=service-17594433276@gcf-admin-robot.iam.gserviceaccount.com&Expires=1697875590&Signature=BqwLGBpkelPSzUde%2BCRYaPSl5BppGtgJ4i8QVeu0aMcgtzG5mxoh9x5E558NxdiosUzKdAFtpl9YgNGp2TIaDO1cRVHXG3rYrSMaMrKkIH0o5oZ%2FwJ23rrkRfN94o2GF3lihyHHdYXAzipb5yA9UwBWsKHpV1fqxWF%2BPHNcEU2ttOeUe2AHiEUxjG%2F14VgulREMC7rbtHuOq2c%2BVB8PqbhLiTR%2BSWO8bWEjJ%2F%2BEnw%2BQMId0Yp4SaRkE1YQ%2BivN15s2WP04QwmogeihLXJ7t64eK1gfMFPe89EmI%2Bn9Bo2JKk6zKCNfU40nRQNR8Ur2Wa4F3oFyfJYWdrBs15LjCL1Q%3D%3D","environmentVariables":{"FIREBASE_CONFIG":"{\"projectId\":\"revou-fullstack\",\"storageBucket\":\"revou-fullstack.appspot.com\"}","GCLOUD_PROJECT":"revou-fullstack","EVENTARC_CLOUD_EVENT_SOURCE":"projects/revou-fullstack/locations/us-central1/functions/week_17_sherinolivia"},"runtime":"nodejs18","buildEnvironmentVariables":{"GOOGLE_NODE_RUN_SCRIPTS":""},"dockerRegistry":"ARTIFACT_REGISTRY"},"versionId":"1","updateTime":"2023-10-21T07:37:57Z"}}
[debug] [2023-10-21T07:37:58.273Z] [create-default-us-central1-week_17_sherinolivia] Retrying task index 0
[debug] [2023-10-21T07:37:58.274Z] >>> [apiv2][query] GET https://cloudfunctions.googleapis.com/v1/operations/cmV2b3UtZnVsbHN0YWNrL3VzLWNlbnRyYWwxL3dlZWtfMTdfc2hlcmlub2xpdmlhL2dNOHkyalBvU1lv [none]
[debug] [2023-10-21T07:37:58.702Z] <<< [apiv2][status] GET https://cloudfunctions.googleapis.com/v1/operations/cmV2b3UtZnVsbHN0YWNrL3VzLWNlbnRyYWwxL3dlZWtfMTdfc2hlcmlub2xpdmlhL2dNOHkyalBvU1lv 200
[debug] [2023-10-21T07:37:58.702Z] <<< [apiv2][body] GET https://cloudfunctions.googleapis.com/v1/operations/cmV2b3UtZnVsbHN0YWNrL3VzLWNlbnRyYWwxL3dlZWtfMTdfc2hlcmlub2xpdmlhL2dNOHkyalBvU1lv {"name":"operations/cmV2b3UtZnVsbHN0YWNrL3VzLWNlbnRyYWwxL3dlZWtfMTdfc2hlcmlub2xpdmlhL2dNOHkyalBvU1lv","metadata":{"@type":"type.googleapis.com/google.cloud.functions.v1.OperationMetadataV1","target":"projects/revou-fullstack/locations/us-central1/functions/week_17_sherinolivia","type":"CREATE_FUNCTION","request":{"@type":"type.googleapis.com/google.cloud.functions.v1.CloudFunction","name":"projects/revou-fullstack/locations/us-central1/functions/week_17_sherinolivia","httpsTrigger":{"securityLevel":"SECURE_ALWAYS"},"entryPoint":"week_17_sherinolivia","labels":{"deployment-tool":"cli-firebase","firebase-functions-hash":"2becb0a45793098c7bdc0cb507a7f8f000caf6b3"},"sourceUploadUrl":"https://storage.googleapis.com/uploads-332381839182.us-central1.cloudfunctions.appspot.com/e5d54aa1-3287-41b0-bb7b-e90b72236df8.zip?GoogleAccessId=service-17594433276@gcf-admin-robot.iam.gserviceaccount.com&Expires=1697875590&Signature=BqwLGBpkelPSzUde%2BCRYaPSl5BppGtgJ4i8QVeu0aMcgtzG5mxoh9x5E558NxdiosUzKdAFtpl9YgNGp2TIaDO1cRVHXG3rYrSMaMrKkIH0o5oZ%2FwJ23rrkRfN94o2GF3lihyHHdYXAzipb5yA9UwBWsKHpV1fqxWF%2BPHNcEU2ttOeUe2AHiEUxjG%2F14VgulREMC7rbtHuOq2c%2BVB8PqbhLiTR%2BSWO8bWEjJ%2F%2BEnw%2BQMId0Yp4SaRkE1YQ%2BivN15s2WP04QwmogeihLXJ7t64eK1gfMFPe89EmI%2Bn9Bo2JKk6zKCNfU40nRQNR8Ur2Wa4F3oFyfJYWdrBs15LjCL1Q%3D%3D","environmentVariables":{"FIREBASE_CONFIG":"{\"projectId\":\"revou-fullstack\",\"storageBucket\":\"revou-fullstack.appspot.com\"}","GCLOUD_PROJECT":"revou-fullstack","EVENTARC_CLOUD_EVENT_SOURCE":"projects/revou-fullstack/locations/us-central1/functions/week_17_sherinolivia"},"runtime":"nodejs18","buildEnvironmentVariables":{"GOOGLE_NODE_RUN_SCRIPTS":""},"dockerRegistry":"ARTIFACT_REGISTRY"},"versionId":"1","updateTime":"2023-10-21T07:37:57Z","buildId":"d5609a87-3304-48c9-9a73-72aa2366e846","buildName":"projects/17594433276/locations/us-central1/builds/d5609a87-3304-48c9-9a73-72aa2366e846"}}
[debug] [2023-10-21T07:37:59.714Z] [create-default-us-central1-week_17_sherinolivia] Retrying task index 0
[debug] [2023-10-21T07:37:59.714Z] >>> [apiv2][query] GET https://cloudfunctions.googleapis.com/v1/operations/cmV2b3UtZnVsbHN0YWNrL3VzLWNlbnRyYWwxL3dlZWtfMTdfc2hlcmlub2xpdmlhL2dNOHkyalBvU1lv [none]
[debug] [2023-10-21T07:38:00.102Z] <<< [apiv2][status] GET https://cloudfunctions.googleapis.com/v1/operations/cmV2b3UtZnVsbHN0YWNrL3VzLWNlbnRyYWwxL3dlZWtfMTdfc2hlcmlub2xpdmlhL2dNOHkyalBvU1lv 200
[debug] [2023-10-21T07:38:00.102Z] <<< [apiv2][body] GET https://cloudfunctions.googleapis.com/v1/operations/cmV2b3UtZnVsbHN0YWNrL3VzLWNlbnRyYWwxL3dlZWtfMTdfc2hlcmlub2xpdmlhL2dNOHkyalBvU1lv {"name":"operations/cmV2b3UtZnVsbHN0YWNrL3VzLWNlbnRyYWwxL3dlZWtfMTdfc2hlcmlub2xpdmlhL2dNOHkyalBvU1lv","metadata":{"@type":"type.googleapis.com/google.cloud.functions.v1.OperationMetadataV1","target":"projects/revou-fullstack/locations/us-central1/functions/week_17_sherinolivia","type":"CREATE_FUNCTION","request":{"@type":"type.googleapis.com/google.cloud.functions.v1.CloudFunction","name":"projects/revou-fullstack/locations/us-central1/functions/week_17_sherinolivia","httpsTrigger":{"securityLevel":"SECURE_ALWAYS"},"entryPoint":"week_17_sherinolivia","labels":{"deployment-tool":"cli-firebase","firebase-functions-hash":"2becb0a45793098c7bdc0cb507a7f8f000caf6b3"},"sourceUploadUrl":"https://storage.googleapis.com/uploads-332381839182.us-central1.cloudfunctions.appspot.com/e5d54aa1-3287-41b0-bb7b-e90b72236df8.zip?GoogleAccessId=service-17594433276@gcf-admin-robot.iam.gserviceaccount.com&Expires=1697875590&Signature=BqwLGBpkelPSzUde%2BCRYaPSl5BppGtgJ4i8QVeu0aMcgtzG5mxoh9x5E558NxdiosUzKdAFtpl9YgNGp2TIaDO1cRVHXG3rYrSMaMrKkIH0o5oZ%2FwJ23rrkRfN94o2GF3lihyHHdYXAzipb5yA9UwBWsKHpV1fqxWF%2BPHNcEU2ttOeUe2AHiEUxjG%2F14VgulREMC7rbtHuOq2c%2BVB8PqbhLiTR%2BSWO8bWEjJ%2F%2BEnw%2BQMId0Yp4SaRkE1YQ%2BivN15s2WP04QwmogeihLXJ7t64eK1gfMFPe89EmI%2Bn9Bo2JKk6zKCNfU40nRQNR8Ur2Wa4F3oFyfJYWdrBs15LjCL1Q%3D%3D","environmentVariables":{"FIREBASE_CONFIG":"{\"projectId\":\"revou-fullstack\",\"storageBucket\":\"revou-fullstack.appspot.com\"}","GCLOUD_PROJECT":"revou-fullstack","EVENTARC_CLOUD_EVENT_SOURCE":"projects/revou-fullstack/locations/us-central1/functions/week_17_sherinolivia"},"runtime":"nodejs18","buildEnvironmentVariables":{"GOOGLE_NODE_RUN_SCRIPTS":""},"dockerRegistry":"ARTIFACT_REGISTRY"},"versionId":"1","updateTime":"2023-10-21T07:37:57Z","buildId":"d5609a87-3304-48c9-9a73-72aa2366e846","buildName":"projects/17594433276/locations/us-central1/builds/d5609a87-3304-48c9-9a73-72aa2366e846"}}
[debug] [2023-10-21T07:38:02.113Z] [create-default-us-central1-week_17_sherinolivia] Retrying task index 0
[debug] [2023-10-21T07:38:02.113Z] >>> [apiv2][query] GET https://cloudfunctions.googleapis.com/v1/operations/cmV2b3UtZnVsbHN0YWNrL3VzLWNlbnRyYWwxL3dlZWtfMTdfc2hlcmlub2xpdmlhL2dNOHkyalBvU1lv [none]
[debug] [2023-10-21T07:38:02.446Z] <<< [apiv2][status] GET https://cloudfunctions.googleapis.com/v1/operations/cmV2b3UtZnVsbHN0YWNrL3VzLWNlbnRyYWwxL3dlZWtfMTdfc2hlcmlub2xpdmlhL2dNOHkyalBvU1lv 200
[debug] [2023-10-21T07:38:02.446Z] <<< [apiv2][body] GET https://cloudfunctions.googleapis.com/v1/operations/cmV2b3UtZnVsbHN0YWNrL3VzLWNlbnRyYWwxL3dlZWtfMTdfc2hlcmlub2xpdmlhL2dNOHkyalBvU1lv {"name":"operations/cmV2b3UtZnVsbHN0YWNrL3VzLWNlbnRyYWwxL3dlZWtfMTdfc2hlcmlub2xpdmlhL2dNOHkyalBvU1lv","metadata":{"@type":"type.googleapis.com/google.cloud.functions.v1.OperationMetadataV1","target":"projects/revou-fullstack/locations/us-central1/functions/week_17_sherinolivia","type":"CREATE_FUNCTION","request":{"@type":"type.googleapis.com/google.cloud.functions.v1.CloudFunction","name":"projects/revou-fullstack/locations/us-central1/functions/week_17_sherinolivia","httpsTrigger":{"securityLevel":"SECURE_ALWAYS"},"entryPoint":"week_17_sherinolivia","labels":{"deployment-tool":"cli-firebase","firebase-functions-hash":"2becb0a45793098c7bdc0cb507a7f8f000caf6b3"},"sourceUploadUrl":"https://storage.googleapis.com/uploads-332381839182.us-central1.cloudfunctions.appspot.com/e5d54aa1-3287-41b0-bb7b-e90b72236df8.zip?GoogleAccessId=service-17594433276@gcf-admin-robot.iam.gserviceaccount.com&Expires=1697875590&Signature=BqwLGBpkelPSzUde%2BCRYaPSl5BppGtgJ4i8QVeu0aMcgtzG5mxoh9x5E558NxdiosUzKdAFtpl9YgNGp2TIaDO1cRVHXG3rYrSMaMrKkIH0o5oZ%2FwJ23rrkRfN94o2GF3lihyHHdYXAzipb5yA9UwBWsKHpV1fqxWF%2BPHNcEU2ttOeUe2AHiEUxjG%2F14VgulREMC7rbtHuOq2c%2BVB8PqbhLiTR%2BSWO8bWEjJ%2F%2BEnw%2BQMId0Yp4SaRkE1YQ%2BivN15s2WP04QwmogeihLXJ7t64eK1gfMFPe89EmI%2Bn9Bo2JKk6zKCNfU40nRQNR8Ur2Wa4F3oFyfJYWdrBs15LjCL1Q%3D%3D","environmentVariables":{"FIREBASE_CONFIG":"{\"projectId\":\"revou-fullstack\",\"storageBucket\":\"revou-fullstack.appspot.com\"}","GCLOUD_PROJECT":"revou-fullstack","EVENTARC_CLOUD_EVENT_SOURCE":"projects/revou-fullstack/locations/us-central1/functions/week_17_sherinolivia"},"runtime":"nodejs18","buildEnvironmentVariables":{"GOOGLE_NODE_RUN_SCRIPTS":""},"dockerRegistry":"ARTIFACT_REGISTRY"},"versionId":"1","updateTime":"2023-10-21T07:37:57Z","buildId":"d5609a87-3304-48c9-9a73-72aa2366e846","buildName":"projects/17594433276/locations/us-central1/builds/d5609a87-3304-48c9-9a73-72aa2366e846"}}
[debug] [2023-10-21T07:38:06.462Z] [create-default-us-central1-week_17_sherinolivia] Retrying task index 0
[debug] [2023-10-21T07:38:06.462Z] >>> [apiv2][query] GET https://cloudfunctions.googleapis.com/v1/operations/cmV2b3UtZnVsbHN0YWNrL3VzLWNlbnRyYWwxL3dlZWtfMTdfc2hlcmlub2xpdmlhL2dNOHkyalBvU1lv [none]
[debug] [2023-10-21T07:38:06.810Z] <<< [apiv2][status] GET https://cloudfunctions.googleapis.com/v1/operations/cmV2b3UtZnVsbHN0YWNrL3VzLWNlbnRyYWwxL3dlZWtfMTdfc2hlcmlub2xpdmlhL2dNOHkyalBvU1lv 200
[debug] [2023-10-21T07:38:06.810Z] <<< [apiv2][body] GET https://cloudfunctions.googleapis.com/v1/operations/cmV2b3UtZnVsbHN0YWNrL3VzLWNlbnRyYWwxL3dlZWtfMTdfc2hlcmlub2xpdmlhL2dNOHkyalBvU1lv {"name":"operations/cmV2b3UtZnVsbHN0YWNrL3VzLWNlbnRyYWwxL3dlZWtfMTdfc2hlcmlub2xpdmlhL2dNOHkyalBvU1lv","metadata":{"@type":"type.googleapis.com/google.cloud.functions.v1.OperationMetadataV1","target":"projects/revou-fullstack/locations/us-central1/functions/week_17_sherinolivia","type":"CREATE_FUNCTION","request":{"@type":"type.googleapis.com/google.cloud.functions.v1.CloudFunction","name":"projects/revou-fullstack/locations/us-central1/functions/week_17_sherinolivia","httpsTrigger":{"securityLevel":"SECURE_ALWAYS"},"entryPoint":"week_17_sherinolivia","labels":{"deployment-tool":"cli-firebase","firebase-functions-hash":"2becb0a45793098c7bdc0cb507a7f8f000caf6b3"},"sourceUploadUrl":"https://storage.googleapis.com/uploads-332381839182.us-central1.cloudfunctions.appspot.com/e5d54aa1-3287-41b0-bb7b-e90b72236df8.zip?GoogleAccessId=service-17594433276@gcf-admin-robot.iam.gserviceaccount.com&Expires=1697875590&Signature=BqwLGBpkelPSzUde%2BCRYaPSl5BppGtgJ4i8QVeu0aMcgtzG5mxoh9x5E558NxdiosUzKdAFtpl9YgNGp2TIaDO1cRVHXG3rYrSMaMrKkIH0o5oZ%2FwJ23rrkRfN94o2GF3lihyHHdYXAzipb5yA9UwBWsKHpV1fqxWF%2BPHNcEU2ttOeUe2AHiEUxjG%2F14VgulREMC7rbtHuOq2c%2BVB8PqbhLiTR%2BSWO8bWEjJ%2F%2BEnw%2BQMId0Yp4SaRkE1YQ%2BivN15s2WP04QwmogeihLXJ7t64eK1gfMFPe89EmI%2Bn9Bo2JKk6zKCNfU40nRQNR8Ur2Wa4F3oFyfJYWdrBs15LjCL1Q%3D%3D","environmentVariables":{"FIREBASE_CONFIG":"{\"projectId\":\"revou-fullstack\",\"storageBucket\":\"revou-fullstack.appspot.com\"}","GCLOUD_PROJECT":"revou-fullstack","EVENTARC_CLOUD_EVENT_SOURCE":"projects/revou-fullstack/locations/us-central1/functions/week_17_sherinolivia"},"runtime":"nodejs18","buildEnvironmentVariables":{"GOOGLE_NODE_RUN_SCRIPTS":""},"dockerRegistry":"ARTIFACT_REGISTRY"},"versionId":"1","updateTime":"2023-10-21T07:37:57Z","buildId":"d5609a87-3304-48c9-9a73-72aa2366e846","buildName":"projects/17594433276/locations/us-central1/builds/d5609a87-3304-48c9-9a73-72aa2366e846"}}
[debug] [2023-10-21T07:38:14.822Z] [create-default-us-central1-week_17_sherinolivia] Retrying task index 0
[debug] [2023-10-21T07:38:14.822Z] >>> [apiv2][query] GET https://cloudfunctions.googleapis.com/v1/operations/cmV2b3UtZnVsbHN0YWNrL3VzLWNlbnRyYWwxL3dlZWtfMTdfc2hlcmlub2xpdmlhL2dNOHkyalBvU1lv [none]
[debug] [2023-10-21T07:38:15.235Z] <<< [apiv2][status] GET https://cloudfunctions.googleapis.com/v1/operations/cmV2b3UtZnVsbHN0YWNrL3VzLWNlbnRyYWwxL3dlZWtfMTdfc2hlcmlub2xpdmlhL2dNOHkyalBvU1lv 200
[debug] [2023-10-21T07:38:15.235Z] <<< [apiv2][body] GET https://cloudfunctions.googleapis.com/v1/operations/cmV2b3UtZnVsbHN0YWNrL3VzLWNlbnRyYWwxL3dlZWtfMTdfc2hlcmlub2xpdmlhL2dNOHkyalBvU1lv {"name":"operations/cmV2b3UtZnVsbHN0YWNrL3VzLWNlbnRyYWwxL3dlZWtfMTdfc2hlcmlub2xpdmlhL2dNOHkyalBvU1lv","metadata":{"@type":"type.googleapis.com/google.cloud.functions.v1.OperationMetadataV1","target":"projects/revou-fullstack/locations/us-central1/functions/week_17_sherinolivia","type":"CREATE_FUNCTION","request":{"@type":"type.googleapis.com/google.cloud.functions.v1.CloudFunction","name":"projects/revou-fullstack/locations/us-central1/functions/week_17_sherinolivia","httpsTrigger":{"securityLevel":"SECURE_ALWAYS"},"entryPoint":"week_17_sherinolivia","labels":{"deployment-tool":"cli-firebase","firebase-functions-hash":"2becb0a45793098c7bdc0cb507a7f8f000caf6b3"},"sourceUploadUrl":"https://storage.googleapis.com/uploads-332381839182.us-central1.cloudfunctions.appspot.com/e5d54aa1-3287-41b0-bb7b-e90b72236df8.zip?GoogleAccessId=service-17594433276@gcf-admin-robot.iam.gserviceaccount.com&Expires=1697875590&Signature=BqwLGBpkelPSzUde%2BCRYaPSl5BppGtgJ4i8QVeu0aMcgtzG5mxoh9x5E558NxdiosUzKdAFtpl9YgNGp2TIaDO1cRVHXG3rYrSMaMrKkIH0o5oZ%2FwJ23rrkRfN94o2GF3lihyHHdYXAzipb5yA9UwBWsKHpV1fqxWF%2BPHNcEU2ttOeUe2AHiEUxjG%2F14VgulREMC7rbtHuOq2c%2BVB8PqbhLiTR%2BSWO8bWEjJ%2F%2BEnw%2BQMId0Yp4SaRkE1YQ%2BivN15s2WP04QwmogeihLXJ7t64eK1gfMFPe89EmI%2Bn9Bo2JKk6zKCNfU40nRQNR8Ur2Wa4F3oFyfJYWdrBs15LjCL1Q%3D%3D","environmentVariables":{"FIREBASE_CONFIG":"{\"projectId\":\"revou-fullstack\",\"storageBucket\":\"revou-fullstack.appspot.com\"}","GCLOUD_PROJECT":"revou-fullstack","EVENTARC_CLOUD_EVENT_SOURCE":"projects/revou-fullstack/locations/us-central1/functions/week_17_sherinolivia"},"runtime":"nodejs18","buildEnvironmentVariables":{"GOOGLE_NODE_RUN_SCRIPTS":""},"dockerRegistry":"ARTIFACT_REGISTRY"},"versionId":"1","updateTime":"2023-10-21T07:37:57Z","buildId":"d5609a87-3304-48c9-9a73-72aa2366e846","buildName":"projects/17594433276/locations/us-central1/builds/d5609a87-3304-48c9-9a73-72aa2366e846"}}
[debug] [2023-10-21T07:38:25.241Z] [create-default-us-central1-week_17_sherinolivia] Retrying task index 0
[debug] [2023-10-21T07:38:25.241Z] >>> [apiv2][query] GET https://cloudfunctions.googleapis.com/v1/operations/cmV2b3UtZnVsbHN0YWNrL3VzLWNlbnRyYWwxL3dlZWtfMTdfc2hlcmlub2xpdmlhL2dNOHkyalBvU1lv [none]
[debug] [2023-10-21T07:38:25.639Z] <<< [apiv2][status] GET https://cloudfunctions.googleapis.com/v1/operations/cmV2b3UtZnVsbHN0YWNrL3VzLWNlbnRyYWwxL3dlZWtfMTdfc2hlcmlub2xpdmlhL2dNOHkyalBvU1lv 200
[debug] [2023-10-21T07:38:25.639Z] <<< [apiv2][body] GET https://cloudfunctions.googleapis.com/v1/operations/cmV2b3UtZnVsbHN0YWNrL3VzLWNlbnRyYWwxL3dlZWtfMTdfc2hlcmlub2xpdmlhL2dNOHkyalBvU1lv {"name":"operations/cmV2b3UtZnVsbHN0YWNrL3VzLWNlbnRyYWwxL3dlZWtfMTdfc2hlcmlub2xpdmlhL2dNOHkyalBvU1lv","metadata":{"@type":"type.googleapis.com/google.cloud.functions.v1.OperationMetadataV1","target":"projects/revou-fullstack/locations/us-central1/functions/week_17_sherinolivia","type":"CREATE_FUNCTION","request":{"@type":"type.googleapis.com/google.cloud.functions.v1.CloudFunction","name":"projects/revou-fullstack/locations/us-central1/functions/week_17_sherinolivia","httpsTrigger":{"securityLevel":"SECURE_ALWAYS"},"entryPoint":"week_17_sherinolivia","labels":{"deployment-tool":"cli-firebase","firebase-functions-hash":"2becb0a45793098c7bdc0cb507a7f8f000caf6b3"},"sourceUploadUrl":"https://storage.googleapis.com/uploads-332381839182.us-central1.cloudfunctions.appspot.com/e5d54aa1-3287-41b0-bb7b-e90b72236df8.zip?GoogleAccessId=service-17594433276@gcf-admin-robot.iam.gserviceaccount.com&Expires=1697875590&Signature=BqwLGBpkelPSzUde%2BCRYaPSl5BppGtgJ4i8QVeu0aMcgtzG5mxoh9x5E558NxdiosUzKdAFtpl9YgNGp2TIaDO1cRVHXG3rYrSMaMrKkIH0o5oZ%2FwJ23rrkRfN94o2GF3lihyHHdYXAzipb5yA9UwBWsKHpV1fqxWF%2BPHNcEU2ttOeUe2AHiEUxjG%2F14VgulREMC7rbtHuOq2c%2BVB8PqbhLiTR%2BSWO8bWEjJ%2F%2BEnw%2BQMId0Yp4SaRkE1YQ%2BivN15s2WP04QwmogeihLXJ7t64eK1gfMFPe89EmI%2Bn9Bo2JKk6zKCNfU40nRQNR8Ur2Wa4F3oFyfJYWdrBs15LjCL1Q%3D%3D","environmentVariables":{"FIREBASE_CONFIG":"{\"projectId\":\"revou-fullstack\",\"storageBucket\":\"revou-fullstack.appspot.com\"}","GCLOUD_PROJECT":"revou-fullstack","EVENTARC_CLOUD_EVENT_SOURCE":"projects/revou-fullstack/locations/us-central1/functions/week_17_sherinolivia"},"runtime":"nodejs18","buildEnvironmentVariables":{"GOOGLE_NODE_RUN_SCRIPTS":""},"dockerRegistry":"ARTIFACT_REGISTRY"},"versionId":"1","updateTime":"2023-10-21T07:37:57Z","buildId":"d5609a87-3304-48c9-9a73-72aa2366e846","buildName":"projects/17594433276/locations/us-central1/builds/d5609a87-3304-48c9-9a73-72aa2366e846"}}
[debug] [2023-10-21T07:38:35.649Z] [create-default-us-central1-week_17_sherinolivia] Retrying task index 0
[debug] [2023-10-21T07:38:35.649Z] >>> [apiv2][query] GET https://cloudfunctions.googleapis.com/v1/operations/cmV2b3UtZnVsbHN0YWNrL3VzLWNlbnRyYWwxL3dlZWtfMTdfc2hlcmlub2xpdmlhL2dNOHkyalBvU1lv [none]
[debug] [2023-10-21T07:38:36.172Z] <<< [apiv2][status] GET https://cloudfunctions.googleapis.com/v1/operations/cmV2b3UtZnVsbHN0YWNrL3VzLWNlbnRyYWwxL3dlZWtfMTdfc2hlcmlub2xpdmlhL2dNOHkyalBvU1lv 200
[debug] [2023-10-21T07:38:36.172Z] <<< [apiv2][body] GET https://cloudfunctions.googleapis.com/v1/operations/cmV2b3UtZnVsbHN0YWNrL3VzLWNlbnRyYWwxL3dlZWtfMTdfc2hlcmlub2xpdmlhL2dNOHkyalBvU1lv {"name":"operations/cmV2b3UtZnVsbHN0YWNrL3VzLWNlbnRyYWwxL3dlZWtfMTdfc2hlcmlub2xpdmlhL2dNOHkyalBvU1lv","metadata":{"@type":"type.googleapis.com/google.cloud.functions.v1.OperationMetadataV1","target":"projects/revou-fullstack/locations/us-central1/functions/week_17_sherinolivia","type":"CREATE_FUNCTION","request":{"@type":"type.googleapis.com/google.cloud.functions.v1.CloudFunction","name":"projects/revou-fullstack/locations/us-central1/functions/week_17_sherinolivia","httpsTrigger":{"securityLevel":"SECURE_ALWAYS"},"entryPoint":"week_17_sherinolivia","labels":{"deployment-tool":"cli-firebase","firebase-functions-hash":"2becb0a45793098c7bdc0cb507a7f8f000caf6b3"},"sourceUploadUrl":"https://storage.googleapis.com/uploads-332381839182.us-central1.cloudfunctions.appspot.com/e5d54aa1-3287-41b0-bb7b-e90b72236df8.zip?GoogleAccessId=service-17594433276@gcf-admin-robot.iam.gserviceaccount.com&Expires=1697875590&Signature=BqwLGBpkelPSzUde%2BCRYaPSl5BppGtgJ4i8QVeu0aMcgtzG5mxoh9x5E558NxdiosUzKdAFtpl9YgNGp2TIaDO1cRVHXG3rYrSMaMrKkIH0o5oZ%2FwJ23rrkRfN94o2GF3lihyHHdYXAzipb5yA9UwBWsKHpV1fqxWF%2BPHNcEU2ttOeUe2AHiEUxjG%2F14VgulREMC7rbtHuOq2c%2BVB8PqbhLiTR%2BSWO8bWEjJ%2F%2BEnw%2BQMId0Yp4SaRkE1YQ%2BivN15s2WP04QwmogeihLXJ7t64eK1gfMFPe89EmI%2Bn9Bo2JKk6zKCNfU40nRQNR8Ur2Wa4F3oFyfJYWdrBs15LjCL1Q%3D%3D","environmentVariables":{"FIREBASE_CONFIG":"{\"projectId\":\"revou-fullstack\",\"storageBucket\":\"revou-fullstack.appspot.com\"}","GCLOUD_PROJECT":"revou-fullstack","EVENTARC_CLOUD_EVENT_SOURCE":"projects/revou-fullstack/locations/us-central1/functions/week_17_sherinolivia"},"runtime":"nodejs18","buildEnvironmentVariables":{"GOOGLE_NODE_RUN_SCRIPTS":""},"dockerRegistry":"ARTIFACT_REGISTRY"},"versionId":"1","updateTime":"2023-10-21T07:37:57Z","buildId":"d5609a87-3304-48c9-9a73-72aa2366e846","buildName":"projects/17594433276/locations/us-central1/builds/d5609a87-3304-48c9-9a73-72aa2366e846"}}
[debug] [2023-10-21T07:38:46.187Z] [create-default-us-central1-week_17_sherinolivia] Retrying task index 0
[debug] [2023-10-21T07:38:46.187Z] >>> [apiv2][query] GET https://cloudfunctions.googleapis.com/v1/operations/cmV2b3UtZnVsbHN0YWNrL3VzLWNlbnRyYWwxL3dlZWtfMTdfc2hlcmlub2xpdmlhL2dNOHkyalBvU1lv [none]
[debug] [2023-10-21T07:38:46.611Z] <<< [apiv2][status] GET https://cloudfunctions.googleapis.com/v1/operations/cmV2b3UtZnVsbHN0YWNrL3VzLWNlbnRyYWwxL3dlZWtfMTdfc2hlcmlub2xpdmlhL2dNOHkyalBvU1lv 200
[debug] [2023-10-21T07:38:46.612Z] <<< [apiv2][body] GET https://cloudfunctions.googleapis.com/v1/operations/cmV2b3UtZnVsbHN0YWNrL3VzLWNlbnRyYWwxL3dlZWtfMTdfc2hlcmlub2xpdmlhL2dNOHkyalBvU1lv {"name":"operations/cmV2b3UtZnVsbHN0YWNrL3VzLWNlbnRyYWwxL3dlZWtfMTdfc2hlcmlub2xpdmlhL2dNOHkyalBvU1lv","metadata":{"@type":"type.googleapis.com/google.cloud.functions.v1.OperationMetadataV1","target":"projects/revou-fullstack/locations/us-central1/functions/week_17_sherinolivia","type":"CREATE_FUNCTION","request":{"@type":"type.googleapis.com/google.cloud.functions.v1.CloudFunction","name":"projects/revou-fullstack/locations/us-central1/functions/week_17_sherinolivia","httpsTrigger":{"securityLevel":"SECURE_ALWAYS"},"entryPoint":"week_17_sherinolivia","labels":{"deployment-tool":"cli-firebase","firebase-functions-hash":"2becb0a45793098c7bdc0cb507a7f8f000caf6b3"},"sourceUploadUrl":"https://storage.googleapis.com/uploads-332381839182.us-central1.cloudfunctions.appspot.com/e5d54aa1-3287-41b0-bb7b-e90b72236df8.zip?GoogleAccessId=service-17594433276@gcf-admin-robot.iam.gserviceaccount.com&Expires=1697875590&Signature=BqwLGBpkelPSzUde%2BCRYaPSl5BppGtgJ4i8QVeu0aMcgtzG5mxoh9x5E558NxdiosUzKdAFtpl9YgNGp2TIaDO1cRVHXG3rYrSMaMrKkIH0o5oZ%2FwJ23rrkRfN94o2GF3lihyHHdYXAzipb5yA9UwBWsKHpV1fqxWF%2BPHNcEU2ttOeUe2AHiEUxjG%2F14VgulREMC7rbtHuOq2c%2BVB8PqbhLiTR%2BSWO8bWEjJ%2F%2BEnw%2BQMId0Yp4SaRkE1YQ%2BivN15s2WP04QwmogeihLXJ7t64eK1gfMFPe89EmI%2Bn9Bo2JKk6zKCNfU40nRQNR8Ur2Wa4F3oFyfJYWdrBs15LjCL1Q%3D%3D","environmentVariables":{"FIREBASE_CONFIG":"{\"projectId\":\"revou-fullstack\",\"storageBucket\":\"revou-fullstack.appspot.com\"}","GCLOUD_PROJECT":"revou-fullstack","EVENTARC_CLOUD_EVENT_SOURCE":"projects/revou-fullstack/locations/us-central1/functions/week_17_sherinolivia"},"runtime":"nodejs18","buildEnvironmentVariables":{"GOOGLE_NODE_RUN_SCRIPTS":""},"dockerRegistry":"ARTIFACT_REGISTRY"},"versionId":"1","updateTime":"2023-10-21T07:37:57Z","buildId":"d5609a87-3304-48c9-9a73-72aa2366e846","sourceToken":"7dcd09a7-dbe5-42d6-b79b-ffec0f3ade06","buildName":"projects/17594433276/locations/us-central1/builds/d5609a87-3304-48c9-9a73-72aa2366e846"}}
[debug] [2023-10-21T07:38:46.612Z] Got source token 7dcd09a7-dbe5-42d6-b79b-ffec0f3ade06 for region us-central1
[debug] [2023-10-21T07:38:56.627Z] [create-default-us-central1-week_17_sherinolivia] Retrying task index 0
[debug] [2023-10-21T07:38:56.627Z] >>> [apiv2][query] GET https://cloudfunctions.googleapis.com/v1/operations/cmV2b3UtZnVsbHN0YWNrL3VzLWNlbnRyYWwxL3dlZWtfMTdfc2hlcmlub2xpdmlhL2dNOHkyalBvU1lv [none]
[debug] [2023-10-21T07:38:56.965Z] <<< [apiv2][status] GET https://cloudfunctions.googleapis.com/v1/operations/cmV2b3UtZnVsbHN0YWNrL3VzLWNlbnRyYWwxL3dlZWtfMTdfc2hlcmlub2xpdmlhL2dNOHkyalBvU1lv 200
[debug] [2023-10-21T07:38:56.965Z] <<< [apiv2][body] GET https://cloudfunctions.googleapis.com/v1/operations/cmV2b3UtZnVsbHN0YWNrL3VzLWNlbnRyYWwxL3dlZWtfMTdfc2hlcmlub2xpdmlhL2dNOHkyalBvU1lv {"name":"operations/cmV2b3UtZnVsbHN0YWNrL3VzLWNlbnRyYWwxL3dlZWtfMTdfc2hlcmlub2xpdmlhL2dNOHkyalBvU1lv","metadata":{"@type":"type.googleapis.com/google.cloud.functions.v1.OperationMetadataV1","target":"projects/revou-fullstack/locations/us-central1/functions/week_17_sherinolivia","type":"CREATE_FUNCTION","request":{"@type":"type.googleapis.com/google.cloud.functions.v1.CloudFunction","name":"projects/revou-fullstack/locations/us-central1/functions/week_17_sherinolivia","httpsTrigger":{"securityLevel":"SECURE_ALWAYS"},"entryPoint":"week_17_sherinolivia","labels":{"deployment-tool":"cli-firebase","firebase-functions-hash":"2becb0a45793098c7bdc0cb507a7f8f000caf6b3"},"sourceUploadUrl":"https://storage.googleapis.com/uploads-332381839182.us-central1.cloudfunctions.appspot.com/e5d54aa1-3287-41b0-bb7b-e90b72236df8.zip?GoogleAccessId=service-17594433276@gcf-admin-robot.iam.gserviceaccount.com&Expires=1697875590&Signature=BqwLGBpkelPSzUde%2BCRYaPSl5BppGtgJ4i8QVeu0aMcgtzG5mxoh9x5E558NxdiosUzKdAFtpl9YgNGp2TIaDO1cRVHXG3rYrSMaMrKkIH0o5oZ%2FwJ23rrkRfN94o2GF3lihyHHdYXAzipb5yA9UwBWsKHpV1fqxWF%2BPHNcEU2ttOeUe2AHiEUxjG%2F14VgulREMC7rbtHuOq2c%2BVB8PqbhLiTR%2BSWO8bWEjJ%2F%2BEnw%2BQMId0Yp4SaRkE1YQ%2BivN15s2WP04QwmogeihLXJ7t64eK1gfMFPe89EmI%2Bn9Bo2JKk6zKCNfU40nRQNR8Ur2Wa4F3oFyfJYWdrBs15LjCL1Q%3D%3D","environmentVariables":{"FIREBASE_CONFIG":"{\"projectId\":\"revou-fullstack\",\"storageBucket\":\"revou-fullstack.appspot.com\"}","GCLOUD_PROJECT":"revou-fullstack","EVENTARC_CLOUD_EVENT_SOURCE":"projects/revou-fullstack/locations/us-central1/functions/week_17_sherinolivia"},"runtime":"nodejs18","buildEnvironmentVariables":{"GOOGLE_NODE_RUN_SCRIPTS":""},"dockerRegistry":"ARTIFACT_REGISTRY"},"versionId":"1","updateTime":"2023-10-21T07:37:57Z","buildId":"d5609a87-3304-48c9-9a73-72aa2366e846","sourceToken":"7dcd09a7-dbe5-42d6-b79b-ffec0f3ade06","buildName":"projects/17594433276/locations/us-central1/builds/d5609a87-3304-48c9-9a73-72aa2366e846"}}
[debug] [2023-10-21T07:38:56.965Z] Got source token 7dcd09a7-dbe5-42d6-b79b-ffec0f3ade06 for region us-central1
[debug] [2023-10-21T07:39:06.966Z] [create-default-us-central1-week_17_sherinolivia] Retrying task index 0
[debug] [2023-10-21T07:39:06.967Z] >>> [apiv2][query] GET https://cloudfunctions.googleapis.com/v1/operations/cmV2b3UtZnVsbHN0YWNrL3VzLWNlbnRyYWwxL3dlZWtfMTdfc2hlcmlub2xpdmlhL2dNOHkyalBvU1lv [none]
[debug] [2023-10-21T07:39:07.302Z] <<< [apiv2][status] GET https://cloudfunctions.googleapis.com/v1/operations/cmV2b3UtZnVsbHN0YWNrL3VzLWNlbnRyYWwxL3dlZWtfMTdfc2hlcmlub2xpdmlhL2dNOHkyalBvU1lv 200
[debug] [2023-10-21T07:39:07.303Z] <<< [apiv2][body] GET https://cloudfunctions.googleapis.com/v1/operations/cmV2b3UtZnVsbHN0YWNrL3VzLWNlbnRyYWwxL3dlZWtfMTdfc2hlcmlub2xpdmlhL2dNOHkyalBvU1lv {"name":"operations/cmV2b3UtZnVsbHN0YWNrL3VzLWNlbnRyYWwxL3dlZWtfMTdfc2hlcmlub2xpdmlhL2dNOHkyalBvU1lv","metadata":{"@type":"type.googleapis.com/google.cloud.functions.v1.OperationMetadataV1","target":"projects/revou-fullstack/locations/us-central1/functions/week_17_sherinolivia","type":"CREATE_FUNCTION","request":{"@type":"type.googleapis.com/google.cloud.functions.v1.CloudFunction","name":"projects/revou-fullstack/locations/us-central1/functions/week_17_sherinolivia","httpsTrigger":{"securityLevel":"SECURE_ALWAYS"},"entryPoint":"week_17_sherinolivia","labels":{"deployment-tool":"cli-firebase","firebase-functions-hash":"2becb0a45793098c7bdc0cb507a7f8f000caf6b3"},"sourceUploadUrl":"https://storage.googleapis.com/uploads-332381839182.us-central1.cloudfunctions.appspot.com/e5d54aa1-3287-41b0-bb7b-e90b72236df8.zip?GoogleAccessId=service-17594433276@gcf-admin-robot.iam.gserviceaccount.com&Expires=1697875590&Signature=BqwLGBpkelPSzUde%2BCRYaPSl5BppGtgJ4i8QVeu0aMcgtzG5mxoh9x5E558NxdiosUzKdAFtpl9YgNGp2TIaDO1cRVHXG3rYrSMaMrKkIH0o5oZ%2FwJ23rrkRfN94o2GF3lihyHHdYXAzipb5yA9UwBWsKHpV1fqxWF%2BPHNcEU2ttOeUe2AHiEUxjG%2F14VgulREMC7rbtHuOq2c%2BVB8PqbhLiTR%2BSWO8bWEjJ%2F%2BEnw%2BQMId0Yp4SaRkE1YQ%2BivN15s2WP04QwmogeihLXJ7t64eK1gfMFPe89EmI%2Bn9Bo2JKk6zKCNfU40nRQNR8Ur2Wa4F3oFyfJYWdrBs15LjCL1Q%3D%3D","environmentVariables":{"FIREBASE_CONFIG":"{\"projectId\":\"revou-fullstack\",\"storageBucket\":\"revou-fullstack.appspot.com\"}","GCLOUD_PROJECT":"revou-fullstack","EVENTARC_CLOUD_EVENT_SOURCE":"projects/revou-fullstack/locations/us-central1/functions/week_17_sherinolivia"},"runtime":"nodejs18","buildEnvironmentVariables":{"GOOGLE_NODE_RUN_SCRIPTS":""},"dockerRegistry":"ARTIFACT_REGISTRY"},"versionId":"1","updateTime":"2023-10-21T07:39:00Z","buildId":"d5609a87-3304-48c9-9a73-72aa2366e846","sourceToken":"7dcd09a7-dbe5-42d6-b79b-ffec0f3ade06","buildName":"projects/17594433276/locations/us-central1/builds/d5609a87-3304-48c9-9a73-72aa2366e846"},"done":true,"error":{"code":3,"message":"Function failed on loading user code. This is likely due to a bug in the user code. Error message: Provided module can't be loaded.\nDid you list all required modules in the package.json dependencies?\nDetailed stack trace: Error: Cannot find module 'dotenv/config'\nRequire stack:\n- /workspace/index.js\n- /layers/google.nodejs.functions-framework/functions-framework/node_modules/@google-cloud/functions-framework/build/src/loader.js\n- /layers/google.nodejs.functions-framework/functions-framework/node_modules/@google-cloud/functions-framework/build/src/main.js\n    at Module._resolveFilename (node:internal/modules/cjs/loader:1077:15)\n    at Module._load (node:internal/modules/cjs/loader:922:27)\n    at Module.require (node:internal/modules/cjs/loader:1143:19)\n    at require (node:internal/modules/cjs/helpers:119:18)\n    at Object.<anonymous> (/workspace/index.js:31:1)\n    at Module._compile (node:internal/modules/cjs/loader:1256:14)\n    at Module._extensions..js (node:internal/modules/cjs/loader:1310:10)\n    at Module.load (node:internal/modules/cjs/loader:1119:32)\n    at Module._load (node:internal/modules/cjs/loader:960:12)\n    at Module.require (node:internal/modules/cjs/loader:1143:19)\nCould not load the function, shutting down.. Please visit https://cloud.google.com/functions/docs/troubleshooting for in-depth troubleshooting documentation."}}
[debug] [2023-10-21T07:39:07.303Z] Got source token 7dcd09a7-dbe5-42d6-b79b-ffec0f3ade06 for region us-central1
[error] Function failed on loading user code. This is likely due to a bug in the user code. Error message: Provided module can't be loaded.
Did you list all required modules in the package.json dependencies?
Detailed stack trace: Error: Cannot find module 'dotenv/config'
Require stack:
- /workspace/index.js
- /layers/google.nodejs.functions-framework/functions-framework/node_modules/@google-cloud/functions-framework/build/src/loader.js
- /layers/google.nodejs.functions-framework/functions-framework/node_modules/@google-cloud/functions-framework/build/src/main.js
    at Module._resolveFilename (node:internal/modules/cjs/loader:1077:15)
    at Module._load (node:internal/modules/cjs/loader:922:27)
    at Module.require (node:internal/modules/cjs/loader:1143:19)
    at require (node:internal/modules/cjs/helpers:119:18)
    at Object.<anonymous> (/workspace/index.js:31:1)
    at Module._compile (node:internal/modules/cjs/loader:1256:14)
    at Module._extensions..js (node:internal/modules/cjs/loader:1310:10)
    at Module.load (node:internal/modules/cjs/loader:1119:32)
    at Module._load (node:internal/modules/cjs/loader:960:12)
    at Module.require (node:internal/modules/cjs/loader:1143:19)
Could not load the function, shutting down.. Please visit https://cloud.google.com/functions/docs/troubleshooting for in-depth troubleshooting documentation.
[debug] [2023-10-21T07:39:07.316Z] Total Function Deployment time: 71065
[debug] [2023-10-21T07:39:07.316Z] 1 Functions Deployed
[debug] [2023-10-21T07:39:07.316Z] 1 Functions Errored
[debug] [2023-10-21T07:39:07.316Z] 0 Function Deployments Aborted
[debug] [2023-10-21T07:39:07.316Z] Average Function Deployment time: 71064
[info] 
[info] Functions deploy had errors with the following functions:
	week_17_sherinolivia(us-central1)
[debug] [2023-10-21T07:39:07.822Z] Not printing URL for HTTPS function. Typically this means it didn't match a filter or we failed deployment
[info] i  functions: cleaning up build files... 
[debug] [2023-10-21T07:39:07.824Z] >>> [apiv2][query] DELETE https://artifactregistry.googleapis.com/v1beta2/projects/revou-fullstack/locations/us-central1/repositories/gcf-artifacts/packages/week__17__sherinolivia [none]
[debug] [2023-10-21T07:39:07.826Z] >>> [apiv2][query] GET https://us.gcr.io/v2/revou-fullstack/gcf/us-central1/tags/list [none]
[debug] [2023-10-21T07:39:08.258Z] <<< [apiv2][status] GET https://us.gcr.io/v2/revou-fullstack/gcf/us-central1/tags/list 200
[debug] [2023-10-21T07:39:08.258Z] <<< [apiv2][body] GET https://us.gcr.io/v2/revou-fullstack/gcf/us-central1/tags/list {"child":[],"manifest":{},"name":"revou-fullstack/gcf/us-central1","tags":[]}
[debug] [2023-10-21T07:39:08.259Z] Could not find image for function projects/revou-fullstack/locations/us-central1/functions/week_17_sherinolivia
[debug] [2023-10-21T07:39:09.294Z] <<< [apiv2][status] DELETE https://artifactregistry.googleapis.com/v1beta2/projects/revou-fullstack/locations/us-central1/repositories/gcf-artifacts/packages/week__17__sherinolivia 200
[debug] [2023-10-21T07:39:09.294Z] <<< [apiv2][body] DELETE https://artifactregistry.googleapis.com/v1beta2/projects/revou-fullstack/locations/us-central1/repositories/gcf-artifacts/packages/week__17__sherinolivia {"name":"projects/revou-fullstack/locations/us-central1/operations/3aba9c21-772e-488e-93dc-c0af135dbb84","metadata":{"@type":"type.googleapis.com/google.devtools.artifactregistry.v1beta2.OperationMetadata"}}
[debug] [2023-10-21T07:39:09.295Z] >>> [apiv2][query] GET https://artifactregistry.googleapis.com/v1beta2/projects/revou-fullstack/locations/us-central1/operations/3aba9c21-772e-488e-93dc-c0af135dbb84 [none]
[debug] [2023-10-21T07:39:10.635Z] <<< [apiv2][status] GET https://artifactregistry.googleapis.com/v1beta2/projects/revou-fullstack/locations/us-central1/operations/3aba9c21-772e-488e-93dc-c0af135dbb84 200
[debug] [2023-10-21T07:39:10.635Z] <<< [apiv2][body] GET https://artifactregistry.googleapis.com/v1beta2/projects/revou-fullstack/locations/us-central1/operations/3aba9c21-772e-488e-93dc-c0af135dbb84 {"name":"projects/revou-fullstack/locations/us-central1/operations/3aba9c21-772e-488e-93dc-c0af135dbb84","metadata":{"@type":"type.googleapis.com/google.devtools.artifactregistry.v1beta2.OperationMetadata"},"done":true,"response":{"@type":"type.googleapis.com/google.protobuf.Empty"}}
[debug] [2023-10-21T07:39:10.636Z] Functions deploy failed.
[debug] [2023-10-21T07:39:10.636Z] {
  "endpoint": {
    "id": "week_17_sherinolivia",
    "project": "revou-fullstack",
    "region": "us-central1",
    "entryPoint": "week_17_sherinolivia",
    "platform": "gcfv1",
    "runtime": "nodejs18",
    "httpsTrigger": {},
    "ingressSettings": null,
    "availableMemoryMb": null,
    "serviceAccount": null,
    "timeoutSeconds": null,
    "maxInstances": null,
    "minInstances": null,
    "vpc": null,
    "environmentVariables": {
      "FIREBASE_CONFIG": "{\"projectId\":\"revou-fullstack\",\"storageBucket\":\"revou-fullstack.appspot.com\"}",
      "GCLOUD_PROJECT": "revou-fullstack",
      "EVENTARC_CLOUD_EVENT_SOURCE": "projects/revou-fullstack/locations/us-central1/functions/week_17_sherinolivia"
    },
    "codebase": "default",
    "targetedByOnly": false,
    "hash": "2becb0a45793098c7bdc0cb507a7f8f000caf6b3",
    "labels": {
      "deployment-tool": "cli-firebase"
    }
  },
  "op": "create",
  "original": {
    "name": "FirebaseError",
    "children": [],
    "exit": 1,
    "message": "Function failed on loading user code. This is likely due to a bug in the user code. Error message: Provided module can't be loaded.\nDid you list all required modules in the package.json dependencies?\nDetailed stack trace: Error: Cannot find module 'dotenv/config'\nRequire stack:\n- /workspace/index.js\n- /layers/google.nodejs.functions-framework/functions-framework/node_modules/@google-cloud/functions-framework/build/src/loader.js\n- /layers/google.nodejs.functions-framework/functions-framework/node_modules/@google-cloud/functions-framework/build/src/main.js\n    at Module._resolveFilename (node:internal/modules/cjs/loader:1077:15)\n    at Module._load (node:internal/modules/cjs/loader:922:27)\n    at Module.require (node:internal/modules/cjs/loader:1143:19)\n    at require (node:internal/modules/cjs/helpers:119:18)\n    at Object.<anonymous> (/workspace/index.js:31:1)\n    at Module._compile (node:internal/modules/cjs/loader:1256:14)\n    at Module._extensions..js (node:internal/modules/cjs/loader:1310:10)\n    at Module.load (node:internal/modules/cjs/loader:1119:32)\n    at Module._load (node:internal/modules/cjs/loader:960:12)\n    at Module.require (node:internal/modules/cjs/loader:1143:19)\nCould not load the function, shutting down.. Please visit https://cloud.google.com/functions/docs/troubleshooting for in-depth troubleshooting documentation.",
    "status": 3,
    "code": 3
  }
}
[debug] [2023-10-21T07:39:10.697Z] Error: Failed to create function week_17_sherinolivia in region us-central1
    at C:\Users\ASUS\AppData\Roaming\npm\node_modules\firebase-tools\lib\deploy\functions\release\fabricator.js:51:11
    at process.processTicksAndRejections (node:internal/process/task_queues:95:5)
    at async Fabricator.createV1Function (C:\Users\ASUS\AppData\Roaming\npm\node_modules\firebase-tools\lib\deploy\functions\release\fabricator.js:181:32)
    at async Fabricator.createEndpoint (C:\Users\ASUS\AppData\Roaming\npm\node_modules\firebase-tools\lib\deploy\functions\release\fabricator.js:133:13)
    at async handle (C:\Users\ASUS\AppData\Roaming\npm\node_modules\firebase-tools\lib\deploy\functions\release\fabricator.js:88:17)
[error] 
[error] Error: There was an error deploying functions
